<?xml version="1.0" encoding="UTF-8"?>
<coverage generated="1667234417926" clover="3.2.0">
  <project timestamp="1667234417927" name="All files">
    <metrics statements="30" coveredstatements="9" conditionals="0" coveredconditionals="0" methods="7" coveredmethods="2" elements="37" coveredelements="11" complexity="0" loc="30" ncloc="30" packages="1" files="1" classes="1"/>
    <file name="gamesOwned.js" path="C:\Users\kente\Documents\GitHub\SWE\Project 2\Dyno_Discordance_P2\code\commands\gamesOwned.js">
      <metrics statements="30" coveredstatements="9" conditionals="0" coveredconditionals="0" methods="7" coveredmethods="2"/>
      <line num="1" count="1" type="stmt"/>
      <line num="2" count="1" type="stmt"/>
      <line num="9" count="1" type="stmt"/>
      <line num="10" count="1" type="stmt"/>
      <line num="12" count="1" type="stmt"/>
      <line num="17" count="1" type="stmt"/>
      <line num="19" count="1" type="stmt"/>
      <line num="20" count="1" type="stmt"/>
      <line num="21" count="0" type="stmt"/>
      <line num="30" count="1" type="stmt"/>
      <line num="33" count="0" type="stmt"/>
      <line num="34" count="0" type="stmt"/>
      <line num="38" count="0" type="stmt"/>
      <line num="39" count="0" type="stmt"/>
      <line num="41" count="0" type="stmt"/>
      <line num="47" count="0" type="stmt"/>
      <line num="56" count="0" type="stmt"/>
      <line num="61" count="0" type="stmt"/>
      <line num="62" count="0" type="stmt"/>
      <line num="63" count="0" type="stmt"/>
      <line num="68" count="0" type="stmt"/>
      <line num="69" count="0" type="stmt"/>
      <line num="70" count="0" type="stmt"/>
      <line num="71" count="0" type="stmt"/>
      <line num="72" count="0" type="stmt"/>
      <line num="73" count="0" type="stmt"/>
      <line num="78" count="0" type="stmt"/>
      <line num="82" count="0" type="stmt"/>
      <line num="86" count="0" type="stmt"/>
      <line num="87" count="0" type="stmt"/>
    </file>
  </project>
</coverage>
