{"C:\\Users\\kente\\Documents\\GitHub\\SWE\\Project 2\\Dyno_Discordance_P2\\code\\commands\\gamesOwned.js": {"path":"C:\\Users\\kente\\Documents\\GitHub\\SWE\\Project 2\\Dyno_Discordance_P2\\code\\commands\\gamesOwned.js","statementMap":{"0":{"start":{"line":1,"column":0},"end":{"line":1,"column":27}},"1":{"start":{"line":2,"column":22},"end":{"line":2,"column":47}},"2":{"start":{"line":9,"column":4},"end":{"line":9,"column":25}},"3":{"start":{"line":10,"column":17},"end":{"line":10,"column":36}},"4":{"start":{"line":12,"column":0},"end":{"line":90,"column":2}},"5":{"start":{"line":17,"column":4},"end":{"line":17,"column":29}},"6":{"start":{"line":19,"column":20},"end":{"line":19,"column":57}},"7":{"start":{"line":20,"column":22},"end":{"line":20,"column":62}},"8":{"start":{"line":21,"column":6},"end":{"line":21,"column":23}},"9":{"start":{"line":30,"column":20},"end":{"line":30,"column":41}},"10":{"start":{"line":33,"column":21},"end":{"line":33,"column":42}},"11":{"start":{"line":34,"column":18},"end":{"line":36,"column":5}},"12":{"start":{"line":38,"column":18},"end":{"line":38,"column":20}},"13":{"start":{"line":39,"column":4},"end":{"line":45,"column":5}},"14":{"start":{"line":39,"column":17},"end":{"line":39,"column":18}},"15":{"start":{"line":41,"column":6},"end":{"line":44,"column":9}},"16":{"start":{"line":47,"column":17},"end":{"line":54,"column":5}},"17":{"start":{"line":47,"column":28},"end":{"line":54,"column":5}},"18":{"start":{"line":56,"column":27},"end":{"line":59,"column":6}},"19":{"start":{"line":61,"column":19},"end":{"line":62,"column":51}},"20":{"start":{"line":62,"column":6},"end":{"line":62,"column":51}},"21":{"start":{"line":63,"column":22},"end":{"line":67,"column":6}},"22":{"start":{"line":68,"column":4},"end":{"line":68,"column":28}},"23":{"start":{"line":69,"column":4},"end":{"line":83,"column":7}},"24":{"start":{"line":70,"column":20},"end":{"line":70,"column":38}},"25":{"start":{"line":71,"column":19},"end":{"line":71,"column":67}},"26":{"start":{"line":71,"column":49},"end":{"line":71,"column":66}},"27":{"start":{"line":72,"column":19},"end":{"line":72,"column":21}},"28":{"start":{"line":73,"column":6},"end":{"line":77,"column":9}},"29":{"start":{"line":78,"column":31},"end":{"line":80,"column":26}},"30":{"start":{"line":82,"column":6},"end":{"line":82,"column":57}},"31":{"start":{"line":86,"column":4},"end":{"line":88,"column":7}},"32":{"start":{"line":87,"column":6},"end":{"line":87,"column":54}}},"fnMap":{"0":{"name":"(anonymous_0)","decl":{"start":{"line":16,"column":2},"end":{"line":16,"column":3}},"loc":{"start":{"line":16,"column":29},"end":{"line":89,"column":3}},"line":16},"1":{"name":"steam_summary","decl":{"start":{"line":18,"column":19},"end":{"line":18,"column":32}},"loc":{"start":{"line":18,"column":35},"end":{"line":22,"column":5}},"line":18},"2":{"name":"(anonymous_2)","decl":{"start":{"line":47,"column":17},"end":{"line":47,"column":18}},"loc":{"start":{"line":47,"column":28},"end":{"line":54,"column":5}},"line":47},"3":{"name":"(anonymous_3)","decl":{"start":{"line":61,"column":19},"end":{"line":61,"column":20}},"loc":{"start":{"line":62,"column":6},"end":{"line":62,"column":51}},"line":62},"4":{"name":"(anonymous_4)","decl":{"start":{"line":69,"column":28},"end":{"line":69,"column":29}},"loc":{"start":{"line":69,"column":45},"end":{"line":83,"column":5}},"line":69},"5":{"name":"(anonymous_5)","decl":{"start":{"line":71,"column":35},"end":{"line":71,"column":36}},"loc":{"start":{"line":71,"column":49},"end":{"line":71,"column":66}},"line":71},"6":{"name":"(anonymous_6)","decl":{"start":{"line":86,"column":24},"end":{"line":86,"column":25}},"loc":{"start":{"line":86,"column":30},"end":{"line":88,"column":5}},"line":86}},"branchMap":{},"s":{"0":1,"1":1,"2":1,"3":1,"4":1,"5":1,"6":1,"7":1,"8":0,"9":1,"10":0,"11":0,"12":0,"13":0,"14":0,"15":0,"16":0,"17":0,"18":0,"19":0,"20":0,"21":0,"22":0,"23":0,"24":0,"25":0,"26":0,"27":0,"28":0,"29":0,"30":0,"31":0,"32":0},"f":{"0":1,"1":1,"2":0,"3":0,"4":0,"5":0,"6":0},"b":{},"_coverageSchema":"1a1c01bbd47fc00a2c39e90264f33305004495a9","hash":"80cf4bc1fdb85ed9058b13153e0ed9d7ca01bf4e"}
}
