TN:
SF:commands\gamesOwned.js
FN:16,(anonymous_0)
FN:18,steam_summary
FN:47,(anonymous_2)
FN:61,(anonymous_3)
FN:69,(anonymous_4)
FN:71,(anonymous_5)
FN:86,(anonymous_6)
FNF:7
FNH:2
FNDA:1,(anonymous_0)
FNDA:1,steam_summary
FNDA:0,(anonymous_2)
FNDA:0,(anonymous_3)
FNDA:0,(anonymous_4)
FNDA:0,(anonymous_5)
FNDA:0,(anonymous_6)
DA:1,1
DA:2,1
DA:9,1
DA:10,1
DA:12,1
DA:17,1
DA:19,1
DA:20,1
DA:21,0
DA:30,1
DA:33,0
DA:34,0
DA:38,0
DA:39,0
DA:41,0
DA:47,0
DA:56,0
DA:61,0
DA:62,0
DA:63,0
DA:68,0
DA:69,0
DA:70,0
DA:71,0
DA:72,0
DA:73,0
DA:78,0
DA:82,0
DA:86,0
DA:87,0
LF:30
LH:9
BRF:0
BRH:0
end_of_record
